GoogleFitDemoProject/app/build/intermediates/manifest_merge_blame_file/debug/manifest-merger-blame-debug-report.txt
1<?xml version="1.0" encoding="utf-8"?>
2<manifest xmlns:android="http://schemas.android.com/apk/res/android"
3    package="com.googlefitdemo"
4    android:versionCode="1"
5    android:versionName="1.0" >
6
7    <uses-sdk
8        android:minSdkVersion="21"
8-->src\main\AndroidManifest.xml
9        android:targetSdkVersion="30" />
9-->src\main\AndroidManifest.xml
10
11    <uses-permission android:name="android.permission.INTERNET" />
11-->src\main\AndroidManifest.xml:5:5-67
11-->src\main\AndroidManifest.xml:5:22-64
12    <uses-permission android:name="android.permission.ACCESS_WIFI_STATE" />
12-->src\main\AndroidManifest.xml:6:5-76
12-->src\main\AndroidManifest.xml:6:22-73
13    <uses-permission android:name="android.permission.ACCESS_NETWORK_STATE" />
13-->src\main\AndroidManifest.xml:7:5-79
13-->src\main\AndroidManifest.xml:7:22-76
14
15    <uses-permission-sdk-23 android:name="android.permission.ACCESS_FINE_LOCATION" />
15-->src\main\AndroidManifest.xml:8:5-85
15-->src\main\AndroidManifest.xml:8:29-83
16    <uses-permission-sdk-23 android:name="android.permission.ACCESS_COARSE_LOCATION" />
16-->src\main\AndroidManifest.xml:9:5-87
16-->src\main\AndroidManifest.xml:9:29-85
17    <uses-permission-sdk-23 android:name="android.permission.ACTIVITY_RECOGNITION" />
17-->src\main\AndroidManifest.xml:10:5-85
17-->src\main\AndroidManifest.xml:10:29-83
18
19    <application
19-->src\main\AndroidManifest.xml:12:5-26:19
20        android:allowBackup="true"
20-->src\main\AndroidManifest.xml:13:9-35
21        android:appComponentFactory="androidx.core.app.CoreComponentFactory"
21-->[androidx.core:core:1.3.1] AndroidManifest.xml:24:18-86
22        android:debuggable="true"
23        android:icon="@mipmap/ic_launcher"
23-->src\main\AndroidManifest.xml:14:9-43
24        android:label="@string/app_name"
24-->src\main\AndroidManifest.xml:15:9-41
25        android:roundIcon="@mipmap/ic_launcher_round"
25-->src\main\AndroidManifest.xml:16:9-54
26        android:supportsRtl="true"
26-->src\main\AndroidManifest.xml:17:9-35
27        android:testOnly="true"
28        android:theme="@style/AppTheme" >
28-->src\main\AndroidManifest.xml:18:9-40
29        <activity android:name="com.googlefitdemo.MainActivity" >
29-->src\main\AndroidManifest.xml:19:9-25:20
29-->src\main\AndroidManifest.xml:19:19-47
30            <intent-filter>
30-->src\main\AndroidManifest.xml:20:13-24:29
31                <action android:name="android.intent.action.MAIN" />
31-->src\main\AndroidManifest.xml:21:17-69
31-->src\main\AndroidManifest.xml:21:25-66
32
33                <category android:name="android.intent.category.LAUNCHER" />
33-->src\main\AndroidManifest.xml:23:17-77
33-->src\main\AndroidManifest.xml:23:27-74
34            </intent-filter>
35        </activity>
36
37        <meta-data
37-->[com.google.android.gms:play-services-fitness:20.0.0] AndroidManifest.xml:23:9-25:38
38            android:name="com.google.gms.fitness.sdk.version"
38-->[com.google.android.gms:play-services-fitness:20.0.0] AndroidManifest.xml:24:13-62
39            android:value="20.0.0" />
39-->[com.google.android.gms:play-services-fitness:20.0.0] AndroidManifest.xml:25:13-35
40
41        <activity
41-->[com.google.android.gms:play-services-auth:19.0.0] AndroidManifest.xml:23:9-27:75
42            android:name="com.google.android.gms.auth.api.signin.internal.SignInHubActivity"
42-->[com.google.android.gms:play-services-auth:19.0.0] AndroidManifest.xml:24:13-93
43            android:excludeFromRecents="true"
43-->[com.google.android.gms:play-services-auth:19.0.0] AndroidManifest.xml:25:13-46
44            android:exported="false"
44-->[com.google.android.gms:play-services-auth:19.0.0] AndroidManifest.xml:26:13-37
45            android:theme="@android:style/Theme.Translucent.NoTitleBar" />
45-->[com.google.android.gms:play-services-auth:19.0.0] AndroidManifest.xml:27:13-72
46        <!--
47            Service handling Google Sign-In user revocation. For apps that do not integrate with
48            Google Sign-In, this service will never be started.
49        -->
50        <service
50-->[com.google.android.gms:play-services-auth:19.0.0] AndroidManifest.xml:33:9-37:51
51            android:name="com.google.android.gms.auth.api.signin.RevocationBoundService"
51-->[com.google.android.gms:play-services-auth:19.0.0] AndroidManifest.xml:34:13-89
52            android:exported="true"
52-->[com.google.android.gms:play-services-auth:19.0.0] AndroidManifest.xml:35:13-36
53            android:permission="com.google.android.gms.auth.api.signin.permission.REVOCATION_NOTIFICATION"
53-->[com.google.android.gms:play-services-auth:19.0.0] AndroidManifest.xml:36:13-107
54            android:visibleToInstantApps="true" />
54-->[com.google.android.gms:play-services-auth:19.0.0] AndroidManifest.xml:37:13-48
55
56        <activity
56-->[com.google.android.gms:play-services-base:17.1.0] AndroidManifest.xml:23:9-26:75
57            android:name="com.google.android.gms.common.api.GoogleApiActivity"
57-->[com.google.android.gms:play-services-base:17.1.0] AndroidManifest.xml:24:13-79
58            android:exported="false"
58-->[com.google.android.gms:play-services-base:17.1.0] AndroidManifest.xml:25:13-37
59            android:theme="@android:style/Theme.Translucent.NoTitleBar" />
59-->[com.google.android.gms:play-services-base:17.1.0] AndroidManifest.xml:26:13-72
60
61        <meta-data
61-->[com.google.android.gms:play-services-basement:17.1.1] AndroidManifest.xml:23:9-25:69
62            android:name="com.google.android.gms.version"
62-->[com.google.android.gms:play-services-basement:17.1.1] AndroidManifest.xml:24:13-58
63            android:value="@integer/google_play_services_version" />
63-->[com.google.android.gms:play-services-basement:17.1.1] AndroidManifest.xml:25:13-66
64    </application>
65
66</manifest>